2026-03-07 22:58:20.520703: Error in get_weather for Chennai: (sqlalchemy.dialects.postgresql.asyncpg.IntegrityError) <class 'asyncpg.exceptions.UniqueViolationError'>: duplicate key value violates unique constraint "weather_logs_city_date_key"
DETAIL:  Key (city, date)=(Chennai, 2026-03-07) already exists.
[SQL: INSERT INTO weather_logs (city, date, temperature_min, temperature_max, humidity, rain_probability, rain_mm, fog_alert, wind_speed_kmh, weather_condition, travel_advice) VALUES ($1::VARCHAR, $2::DATE, $3::FLOAT, $4::FLOAT, $5::FLOAT, $6::FLOAT, $7::FLOAT, $8::BOOLEAN, $9::FLOAT, $10::VARCHAR, $11::VARCHAR) RETURNING weather_logs.id, weather_logs.fetched_at]
[parameters: ('Chennai', datetime.date(2026, 3, 7), 24.0, 34.0, 65.0, 0, 0.0, False, 12.4, 'Clouds', 'Weather conditions are favorable for travel')]
(Background on this error at: https://sqlalche.me/e/20/gkpj)
2026-03-07 22:58:20.526337: Error in get_weather for Bengaluru: This Session's transaction has been rolled back due to a previous exception during flush. To begin a new transaction with this Session, first issue Session.rollback(). Original exception was: (sqlalchemy.dialects.postgresql.asyncpg.IntegrityError) <class 'asyncpg.exceptions.UniqueViolationError'>: duplicate key value violates unique constraint "weather_logs_city_date_key"
DETAIL:  Key (city, date)=(Chennai, 2026-03-07) already exists.
[SQL: INSERT INTO weather_logs (city, date, temperature_min, temperature_max, humidity, rain_probability, rain_mm, fog_alert, wind_speed_kmh, weather_condition, travel_advice) VALUES ($1::VARCHAR, $2::DATE, $3::FLOAT, $4::FLOAT, $5::FLOAT, $6::FLOAT, $7::FLOAT, $8::BOOLEAN, $9::FLOAT, $10::VARCHAR, $11::VARCHAR) RETURNING weather_logs.id, weather_logs.fetched_at]
[parameters: ('Chennai', datetime.date(2026, 3, 7), 24.0, 34.0, 65.0, 0, 0.0, False, 12.4, 'Clouds', 'Weather conditions are favorable for travel')]
(Background on this error at: https://sqlalche.me/e/20/gkpj) (Background on this error at: https://sqlalche.me/e/20/7s2a)
2026-03-07 22:59:18.588193: Error in get_weather for Mumbai: (sqlalchemy.dialects.postgresql.asyncpg.IntegrityError) <class 'asyncpg.exceptions.UniqueViolationError'>: duplicate key value violates unique constraint "weather_logs_city_date_key"
DETAIL:  Key (city, date)=(Mumbai, 2026-03-07) already exists.
[SQL: INSERT INTO weather_logs (city, date, temperature_min, temperature_max, humidity, rain_probability, rain_mm, fog_alert, wind_speed_kmh, weather_condition, travel_advice) VALUES ($1::VARCHAR, $2::DATE, $3::FLOAT, $4::FLOAT, $5::FLOAT, $6::FLOAT, $7::FLOAT, $8::BOOLEAN, $9::FLOAT, $10::VARCHAR, $11::VARCHAR) RETURNING weather_logs.id, weather_logs.fetched_at]
[parameters: ('Mumbai', datetime.date(2026, 3, 7), 26.1, 27.7, 65.0, 0, 0.0, False, 18.6, 'Clouds', 'Weather conditions are favorable for travel')]
(Background on this error at: https://sqlalche.me/e/20/gkpj)
2026-03-07 22:59:18.593202: Error in get_weather for Pune: This Session's transaction has been rolled back due to a previous exception during flush. To begin a new transaction with this Session, first issue Session.rollback(). Original exception was: (sqlalchemy.dialects.postgresql.asyncpg.IntegrityError) <class 'asyncpg.exceptions.UniqueViolationError'>: duplicate key value violates unique constraint "weather_logs_city_date_key"
DETAIL:  Key (city, date)=(Mumbai, 2026-03-07) already exists.
[SQL: INSERT INTO weather_logs (city, date, temperature_min, temperature_max, humidity, rain_probability, rain_mm, fog_alert, wind_speed_kmh, weather_condition, travel_advice) VALUES ($1::VARCHAR, $2::DATE, $3::FLOAT, $4::FLOAT, $5::FLOAT, $6::FLOAT, $7::FLOAT, $8::BOOLEAN, $9::FLOAT, $10::VARCHAR, $11::VARCHAR) RETURNING weather_logs.id, weather_logs.fetched_at]
[parameters: ('Mumbai', datetime.date(2026, 3, 7), 26.1, 27.7, 65.0, 0, 0.0, False, 18.6, 'Clouds', 'Weather conditions are favorable for travel')]
(Background on this error at: https://sqlalche.me/e/20/gkpj) (Background on this error at: https://sqlalche.me/e/20/7s2a)
2026-03-07 23:00:25.437375: Error in get_weather for Mumbai: (sqlalchemy.dialects.postgresql.asyncpg.IntegrityError) <class 'asyncpg.exceptions.UniqueViolationError'>: duplicate key value violates unique constraint "weather_logs_city_date_key"
DETAIL:  Key (city, date)=(Mumbai, 2026-04-25) already exists.
[SQL: INSERT INTO weather_logs (city, date, temperature_min, temperature_max, humidity, rain_probability, rain_mm, fog_alert, wind_speed_kmh, weather_condition, travel_advice) VALUES ($1::VARCHAR, $2::DATE, $3::FLOAT, $4::FLOAT, $5::FLOAT, $6::FLOAT, $7::FLOAT, $8::BOOLEAN, $9::FLOAT, $10::VARCHAR, $11::VARCHAR) RETURNING weather_logs.id, weather_logs.fetched_at]
[parameters: ('Mumbai', datetime.date(2026, 4, 25), 23, 28, 85, 5, 7.5, False, 45, 'Haze', 'Weather conditions are favorable for travel')]
(Background on this error at: https://sqlalche.me/e/20/gkpj)
2026-03-07 23:00:25.440403: Error in get_weather for Pune: This Session's transaction has been rolled back due to a previous exception during flush. To begin a new transaction with this Session, first issue Session.rollback(). Original exception was: (sqlalchemy.dialects.postgresql.asyncpg.IntegrityError) <class 'asyncpg.exceptions.UniqueViolationError'>: duplicate key value violates unique constraint "weather_logs_city_date_key"
DETAIL:  Key (city, date)=(Mumbai, 2026-04-25) already exists.
[SQL: INSERT INTO weather_logs (city, date, temperature_min, temperature_max, humidity, rain_probability, rain_mm, fog_alert, wind_speed_kmh, weather_condition, travel_advice) VALUES ($1::VARCHAR, $2::DATE, $3::FLOAT, $4::FLOAT, $5::FLOAT, $6::FLOAT, $7::FLOAT, $8::BOOLEAN, $9::FLOAT, $10::VARCHAR, $11::VARCHAR) RETURNING weather_logs.id, weather_logs.fetched_at]
[parameters: ('Mumbai', datetime.date(2026, 4, 25), 23, 28, 85, 5, 7.5, False, 45, 'Haze', 'Weather conditions are favorable for travel')]
(Background on this error at: https://sqlalche.me/e/20/gkpj) (Background on this error at: https://sqlalche.me/e/20/7s2a)
2026-03-07 23:16:19.126134: Error in get_weather for Chennai: (sqlalchemy.dialects.postgresql.asyncpg.IntegrityError) <class 'asyncpg.exceptions.UniqueViolationError'>: duplicate key value violates unique constraint "weather_logs_city_date_key"
DETAIL:  Key (city, date)=(Chennai, 2026-03-19) already exists.
[SQL: INSERT INTO weather_logs (city, date, temperature_min, temperature_max, humidity, rain_probability, rain_mm, fog_alert, wind_speed_kmh, weather_condition, travel_advice) VALUES ($1::VARCHAR, $2::DATE, $3::FLOAT, $4::FLOAT, $5::FLOAT, $6::FLOAT, $7::FLOAT, $8::BOOLEAN, $9::FLOAT, $10::VARCHAR, $11::VARCHAR) RETURNING weather_logs.id, weather_logs.fetched_at]
[parameters: ('Chennai', datetime.date(2026, 3, 19), 25.0, 33.5, 65.0, 10, 0.0, False, 25.9, 'Clouds', 'Weather conditions are favorable for travel')]
(Background on this error at: https://sqlalche.me/e/20/gkpj)
2026-03-07 23:16:19.127136: Error in get_weather for Bengaluru: This Session's transaction has been rolled back due to a previous exception during flush. To begin a new transaction with this Session, first issue Session.rollback(). Original exception was: (sqlalchemy.dialects.postgresql.asyncpg.IntegrityError) <class 'asyncpg.exceptions.UniqueViolationError'>: duplicate key value violates unique constraint "weather_logs_city_date_key"
DETAIL:  Key (city, date)=(Chennai, 2026-03-19) already exists.
[SQL: INSERT INTO weather_logs (city, date, temperature_min, temperature_max, humidity, rain_probability, rain_mm, fog_alert, wind_speed_kmh, weather_condition, travel_advice) VALUES ($1::VARCHAR, $2::DATE, $3::FLOAT, $4::FLOAT, $5::FLOAT, $6::FLOAT, $7::FLOAT, $8::BOOLEAN, $9::FLOAT, $10::VARCHAR, $11::VARCHAR) RETURNING weather_logs.id, weather_logs.fetched_at]
[parameters: ('Chennai', datetime.date(2026, 3, 19), 25.0, 33.5, 65.0, 10, 0.0, False, 25.9, 'Clouds', 'Weather conditions are favorable for travel')]
(Background on this error at: https://sqlalche.me/e/20/gkpj) (Background on this error at: https://sqlalche.me/e/20/7s2a)
2026-03-07 23:16:20.474475: Error in get_weather for Mumbai: (sqlalchemy.dialects.postgresql.asyncpg.IntegrityError) <class 'asyncpg.exceptions.UniqueViolationError'>: duplicate key value violates unique constraint "weather_logs_city_date_key"
DETAIL:  Key (city, date)=(Mumbai, 2026-03-21) already exists.
[SQL: INSERT INTO weather_logs (city, date, temperature_min, temperature_max, humidity, rain_probability, rain_mm, fog_alert, wind_speed_kmh, weather_condition, travel_advice) VALUES ($1::VARCHAR, $2::DATE, $3::FLOAT, $4::FLOAT, $5::FLOAT, $6::FLOAT, $7::FLOAT, $8::BOOLEAN, $9::FLOAT, $10::VARCHAR, $11::VARCHAR) RETURNING weather_logs.id, weather_logs.fetched_at]
[parameters: ('Mumbai', datetime.date(2026, 3, 21), 25.6, 32.0, 65.0, 3, 0.0, False, 21.5, 'Rain', 'Weather conditions are favorable for travel')]
(Background on this error at: https://sqlalche.me/e/20/gkpj)
2026-03-07 23:16:20.475489: Error in get_weather for Delhi: This Session's transaction has been rolled back due to a previous exception during flush. To begin a new transaction with this Session, first issue Session.rollback(). Original exception was: (sqlalchemy.dialects.postgresql.asyncpg.IntegrityError) <class 'asyncpg.exceptions.UniqueViolationError'>: duplicate key value violates unique constraint "weather_logs_city_date_key"
DETAIL:  Key (city, date)=(Mumbai, 2026-03-21) already exists.
[SQL: INSERT INTO weather_logs (city, date, temperature_min, temperature_max, humidity, rain_probability, rain_mm, fog_alert, wind_speed_kmh, weather_condition, travel_advice) VALUES ($1::VARCHAR, $2::DATE, $3::FLOAT, $4::FLOAT, $5::FLOAT, $6::FLOAT, $7::FLOAT, $8::BOOLEAN, $9::FLOAT, $10::VARCHAR, $11::VARCHAR) RETURNING weather_logs.id, weather_logs.fetched_at]
[parameters: ('Mumbai', datetime.date(2026, 3, 21), 25.6, 32.0, 65.0, 3, 0.0, False, 21.5, 'Rain', 'Weather conditions are favorable for travel')]
(Background on this error at: https://sqlalche.me/e/20/gkpj) (Background on this error at: https://sqlalche.me/e/20/7s2a)
